<?xml version="1.0" encoding="UTF-8"?>
<!-- Generated by org.testng.reporters.JUnitReportReporter -->
<testsuite hostname="DELL-C0HKRC2" failures="0" tests="3" name="pruebas.Test_Laboratorio3_E2" time="8.753" errors="0" timestamp="2021-10-13T20:20:30 ART" skipped="0">
  <testcase classname="pruebas.Test_Laboratorio3_E2" name="irAContactUs" time="1.809"/>
  <system-out/>
  <testcase classname="pruebas.Test_Laboratorio3_E2" name="hacerBusqueda" time="2.934"/>
  <system-out/>
  <testcase classname="pruebas.Test_Laboratorio3_E2" name="login" time="4.010"/>
  <system-out/>
</testsuite> <!-- pruebas.Test_Laboratorio3_E2 -->
