<?xml version="1.0" encoding="UTF-8"?>
<!-- Generated by org.testng.reporters.JUnitReportReporter -->
<testsuite hostname="DELL-C0HKRC2" failures="0" tests="1" name="Edit.EducacionITMiercoles.Laboratorio2" time="17.371" errors="0" timestamp="2021-10-13T20:20:30 ART" skipped="0">
  <testcase classname="Edit.EducacionITMiercoles.Laboratorio2" name="registrarUsuario" time="17.371"/>
  <system-out/>
</testsuite> <!-- Edit.EducacionITMiercoles.Laboratorio2 -->
