<?xml version="1.0" encoding="UTF-8"?>
<!-- Generated by org.testng.reporters.JUnitReportReporter -->
<testsuite hostname="DELL-C0HKRC2" failures="0" tests="1" name="pruebas.AlertTest" time="0.467" errors="0" timestamp="2021-10-13T21:09:23 ART" skipped="0">
  <testcase classname="pruebas.AlertTest" name="verAlerta4" time="0.467"/>
  <system-out/>
</testsuite> <!-- pruebas.AlertTest -->
