<?xml version="1.0" encoding="UTF-8"?>
<!-- Generated by org.testng.reporters.JUnitReportReporter -->
<testsuite hostname="DELL-C0HKRC2" failures="0" tests="1" name="Edit.EducacionITMiercoles.AppTest" time="0.005" errors="0" timestamp="2021-10-13T20:20:30 ART" skipped="0">
  <testcase classname="Edit.EducacionITMiercoles.AppTest" name="imprimir" time="0.005"/>
  <system-out/>
</testsuite> <!-- Edit.EducacionITMiercoles.AppTest -->
