<?xml version="1.0" encoding="UTF-8"?>
<!-- Generated by org.testng.reporters.JUnitReportReporter -->
<testsuite hostname="DELL-C0HKRC2" failures="0" tests="2" name="Edit.EducacionITMiercoles.Laboratorio1" time="28.666" errors="0" timestamp="2021-10-13T20:20:30 ART" skipped="0">
  <testcase classname="Edit.EducacionITMiercoles.Laboratorio1" name="hacerBusquedaEnChrome" time="12.064"/>
  <system-out/>
  <testcase classname="Edit.EducacionITMiercoles.Laboratorio1" name="hacerBusquedaEnFirefox" time="16.602"/>
  <system-out/>
</testsuite> <!-- Edit.EducacionITMiercoles.Laboratorio1 -->
