<?xml version="1.0" encoding="UTF-8"?>
<!-- Generated by org.testng.reporters.JUnitReportReporter -->
<testsuite hostname="DELL-C0HKRC2" failures="0" tests="5" name="pruebas.Test_Laboratorio4_E1" time="21.423" errors="0" timestamp="2021-10-13T20:20:30 ART" skipped="0">
  <testcase classname="pruebas.Test_Laboratorio4_E1" name="login" time="5.826"/>
  <system-out/>
  <testcase classname="pruebas.Test_Laboratorio4_E1" name="login" time="4.051"/>
  <system-out/>
  <testcase classname="pruebas.Test_Laboratorio4_E1" name="login" time="3.408"/>
  <system-out/>
  <testcase classname="pruebas.Test_Laboratorio4_E1" name="login" time="4.626"/>
  <system-out/>
  <testcase classname="pruebas.Test_Laboratorio4_E1" name="login" time="3.512"/>
  <system-out/>
</testsuite> <!-- pruebas.Test_Laboratorio4_E1 -->
